#
# There is insufficient memory for the Java Runtime Environment to continue.
# Native memory allocation (mmap) failed to map 134217728 bytes for Failed to commit area from 0x0000000081600000 to 0x0000000089600000 of length 134217728.
# Possible reasons:
#   The system is out of physical RAM or swap space
#   The process is running with CompressedOops enabled, and the Java Heap may be blocking the growth of the native heap
# Possible solutions:
#   Reduce memory load on the system
#   Increase physical memory or swap space
#   Check if swap backing store is full
#   Decrease Java heap size (-Xmx/-Xms)
#   Decrease number of Java threads
#   Decrease Java thread stack sizes (-Xss)
#   Set larger code cache with -XX:ReservedCodeCacheSize=
#   JVM is running with Unscaled Compressed Oops mode in which the Java heap is
#     placed in the first 4GB address space. The Java Heap base address is the
#     maximum limit for the native heap growth. Please use -XX:HeapBaseMinAddress
#     to set the Java Heap base and to place the Java Heap above 4GB virtual address.
# This output file may be truncated or incomplete.
#
#  Out of Memory Error (./open/src/hotspot/os/windows/os_windows.cpp:3315), pid=13144, tid=16928
#
# JRE version:  (14.0.1+7) (build )
# Java VM: OpenJDK 64-Bit Server VM (14.0.1+7, mixed mode, sharing, tiered, compressed oops, g1 gc, windows-amd64)
# No core dump will be written. Minidumps are not enabled by default on client versions of Windows
#

---------------  S U M M A R Y ------------

Command Line: -Dclassworlds.conf=C:/Users/Andrew Guedes/Documents/Software/apache-maven-3.6.3/bin/m2.conf -Dmaven.home=C:/Users/Andrew Guedes/Documents/Software/apache-maven-3.6.3 -Dlibrary.jansi.path=C:/Users/Andrew Guedes/Documents/Software/apache-maven-3.6.3/lib/jansi-native -Dmaven.multiModuleProjectDirectory=C:/Workarea/Workspace_Java/INF335/workspace/trabalho2/inf335-exercises/trabalho1 org.codehaus.plexus.classworlds.launcher.Launcher clean

Host: Intel(R) Core(TM) i5-4210U CPU @ 1.70GHz, 4 cores, 7G,  Windows 10 , 64 bit Build 17134 (10.0.17134.753)
Time: Sat Jun 27 18:18:25 2020 Hora oficial do Brasil elapsed time: 0 seconds (0d 0h 0m 0s)

---------------  T H R E A D  ---------------

Current thread (0x000001c47d750800):  JavaThread "Unknown thread" [_thread_in_vm, id=16928, stack(0x0000003144f00000,0x0000003145000000)]

Stack: [0x0000003144f00000,0x0000003145000000]
Native frames: (J=compiled Java code, j=interpreted, Vv=VM code, C=native code)
V  [jvm.dll+0x5f840a]
V  [jvm.dll+0x741e4a]
V  [jvm.dll+0x7435ff]
V  [jvm.dll+0x743c43]
V  [jvm.dll+0x20d288]
V  [jvm.dll+0x5f57ba]
V  [jvm.dll+0x5ea615]
V  [jvm.dll+0x2c7e9c]
V  [jvm.dll+0x2c7cd2]
V  [jvm.dll+0x2cdbbc]
V  [jvm.dll+0x313ff8]
V  [jvm.dll+0x313720]
V  [jvm.dll+0x2a092a]
V  [jvm.dll+0x2a1a79]
V  [jvm.dll+0x71f718]
V  [jvm.dll+0x321c44]
V  [jvm.dll+0x700b0c]
V  [jvm.dll+0x392dff]
V  [jvm.dll+0x394e71]
C  [jli.dll+0x523b]
C  [ucrtbase.dll+0x1e3fe]
C  [KERNEL32.DLL+0x14034]
C  [ntdll.dll+0x73691]


---------------  P R O C E S S  ---------------

Threads class SMR info:
_java_thread_list=0x00007ffa5ef03078, length=0, elements={
}

Java Threads: ( => current thread )

Other Threads:
  0x000001c47d790800 GCTaskThread "GC Thread#0" [stack: 0x0000003145000000,0x0000003145100000] [id=13832]
  0x000001c47d7a3000 ConcurrentGCThread "G1 Main Marker" [stack: 0x0000003145100000,0x0000003145200000] [id=13748]
  0x000001c47d7a4000 ConcurrentGCThread "G1 Conc#0" [stack: 0x0000003145200000,0x0000003145300000] [id=13396]

[error occurred during error reporting (printing all threads), id 0xc0000005, EXCEPTION_ACCESS_VIOLATION (0xc0000005) at pc=0x00007ffa5e731257]

VM state:not at safepoint (not fully initialized)

VM Mutex/Monitor currently owned by a thread:  ([mutex/lock_event])
[0x000001c47d749230] Heap_lock - owner thread: 0x000001c47d750800

Heap address: 0x0000000081600000, size: 2026 MB, Compressed Oops mode: 32-bit
Narrow klass base: 0x0000000000000000, Narrow klass shift: 0

GC Heap History (0 events):
No events

Deoptimization events (0 events):
No events

Classes unloaded (0 events):
No events

Classes redefined (0 events):
No events

Internal exceptions (0 events):
No events

Events (2 events):
Event: 0.017 Loaded shared library C:\Program Files\Java\jdk-14.0.1\bin\java.dll
Event: 0.020 Loaded shared library C:\Program Files\Java\jdk-14.0.1\bin\zip.dll


Dynamic libraries:
0x00007ff7fde30000 - 0x00007ff7fde3d000 	C:\Program Files\Java\jdk-14.0.1\bin\java.exe
0x00007ffacc4d0000 - 0x00007ffacc6b1000 	C:\WINDOWS\SYSTEM32\ntdll.dll
0x00007ffac9b20000 - 0x00007ffac9bd1000 	C:\WINDOWS\System32\KERNEL32.DLL
0x00007ffac8c80000 - 0x00007ffac8ef3000 	C:\WINDOWS\System32\KERNELBASE.dll
0x00007ffac90f0000 - 0x00007ffac91e8000 	C:\WINDOWS\System32\ucrtbase.dll
0x00007ffa9cbb0000 - 0x00007ffa9cbc8000 	C:\Program Files\Java\jdk-14.0.1\bin\jli.dll
0x00007ffa9c8b0000 - 0x00007ffa9c8c5000 	C:\Program Files\Java\jdk-14.0.1\bin\VCRUNTIME140.dll
0x00007ffac9990000 - 0x00007ffac9b20000 	C:\WINDOWS\System32\USER32.dll
0x00007ffac8fb0000 - 0x00007ffac8fd0000 	C:\WINDOWS\System32\win32u.dll
0x00007ffaca770000 - 0x00007ffaca798000 	C:\WINDOWS\System32\GDI32.dll
0x00007ffabdac0000 - 0x00007ffabdd29000 	C:\WINDOWS\WinSxS\amd64_microsoft.windows.common-controls_6595b64144ccf1df_6.0.17134.1006_none_d3fbb8f77c940c3f\COMCTL32.dll
0x00007ffac8a80000 - 0x00007ffac8c11000 	C:\WINDOWS\System32\gdi32full.dll
0x00007ffaca5e0000 - 0x00007ffaca67e000 	C:\WINDOWS\System32\msvcrt.dll
0x00007ffac8fd0000 - 0x00007ffac906f000 	C:\WINDOWS\System32\msvcp_win.dll
0x00007ffac9dd0000 - 0x00007ffaca0f1000 	C:\WINDOWS\System32\combase.dll
0x00007ffacc040000 - 0x00007ffacc164000 	C:\WINDOWS\System32\RPCRT4.dll
0x00007ffac9070000 - 0x00007ffac90e9000 	C:\WINDOWS\System32\bcryptPrimitives.dll
0x00007ffac9950000 - 0x00007ffac997d000 	C:\WINDOWS\System32\IMM32.DLL
0x00007ffa84e60000 - 0x00007ffa84efb000 	C:\Program Files\Java\jdk-14.0.1\bin\msvcp140.dll
0x00007ffa5e480000 - 0x00007ffa5ef9e000 	C:\Program Files\Java\jdk-14.0.1\bin\server\jvm.dll
0x00007ffaca250000 - 0x00007ffaca2f1000 	C:\WINDOWS\System32\ADVAPI32.dll
0x00007ffac9ca0000 - 0x00007ffac9cfb000 	C:\WINDOWS\System32\sechost.dll
0x00007ffac9980000 - 0x00007ffac9988000 	C:\WINDOWS\System32\PSAPI.DLL
0x00007ffa8efa0000 - 0x00007ffa8efa9000 	C:\WINDOWS\SYSTEM32\WSOCK32.dll
0x00007ffaca1e0000 - 0x00007ffaca24c000 	C:\WINDOWS\System32\WS2_32.dll
0x00007ffabf9f0000 - 0x00007ffabf9fa000 	C:\WINDOWS\SYSTEM32\VERSION.dll
0x00007ffac5470000 - 0x00007ffac5493000 	C:\WINDOWS\SYSTEM32\WINMM.dll
0x00007ffac4fc0000 - 0x00007ffac4fea000 	C:\WINDOWS\SYSTEM32\WINMMBASE.dll
0x00007ffac91f0000 - 0x00007ffac9239000 	C:\WINDOWS\System32\cfgmgr32.dll
0x00007ffac8850000 - 0x00007ffac8861000 	C:\WINDOWS\System32\kernel.appcore.dll
0x00007ffac4b90000 - 0x00007ffac4b9a000 	C:\Program Files\Java\jdk-14.0.1\bin\jimage.dll
0x00007ffaaa9c0000 - 0x00007ffaaab89000 	C:\WINDOWS\SYSTEM32\DBGHELP.DLL
0x00007ffaaa960000 - 0x00007ffaaa989000 	C:\WINDOWS\SYSTEM32\dbgcore.DLL
0x00007ffa9c3e0000 - 0x00007ffa9c405000 	C:\Program Files\Java\jdk-14.0.1\bin\java.dll
0x00007ffa94be0000 - 0x00007ffa94bf6000 	C:\Program Files\Java\jdk-14.0.1\bin\zip.dll

dbghelp: loaded successfully - version: 4.0.5 - missing functions: none
symbol engine: initialized successfully - sym options: 0x614 - pdb path: .;C:\Program Files\Java\jdk-14.0.1\bin;C:\WINDOWS\SYSTEM32;C:\WINDOWS\WinSxS\amd64_microsoft.windows.common-controls_6595b64144ccf1df_6.0.17134.1006_none_d3fbb8f77c940c3f;C:\Program Files\Java\jdk-14.0.1\bin\server

VM Arguments:
jvm_args: -Dclassworlds.conf=C:/Users/Andrew Guedes/Documents/Software/apache-maven-3.6.3/bin/m2.conf -Dmaven.home=C:/Users/Andrew Guedes/Documents/Software/apache-maven-3.6.3 -Dlibrary.jansi.path=C:/Users/Andrew Guedes/Documents/Software/apache-maven-3.6.3/lib/jansi-native -Dmaven.multiModuleProjectDirectory=C:/Workarea/Workspace_Java/INF335/workspace/trabalho2/inf335-exercises/trabalho1 
java_command: org.codehaus.plexus.classworlds.launcher.Launcher clean
java_class_path (initial): C:/Users/Andrew Guedes/Documents/Software/apache-maven-3.6.3/boot/plexus-classworlds-2.6.0.jar
Launcher Type: SUN_STANDARD

[Global flags]
     intx CICompilerCount                          = 3                                         {product} {ergonomic}
     uint ConcGCThreads                            = 1                                         {product} {ergonomic}
     uint G1ConcRefinementThreads                  = 4                                         {product} {ergonomic}
   size_t G1HeapRegionSize                         = 1048576                                   {product} {ergonomic}
    uintx GCDrainStackTargetSize                   = 64                                        {product} {ergonomic}
   size_t InitialHeapSize                          = 134217728                                 {product} {ergonomic}
   size_t MarkStackSize                            = 4194304                                   {product} {ergonomic}
   size_t MaxHeapSize                              = 2124414976                                {product} {ergonomic}
   size_t MinHeapDeltaBytes                        = 1048576                                   {product} {ergonomic}
   size_t MinHeapSize                              = 8388608                                   {product} {ergonomic}
    uintx NonNMethodCodeHeapSize                   = 5832780                                {pd product} {ergonomic}
    uintx NonProfiledCodeHeapSize                  = 122912730                              {pd product} {ergonomic}
    uintx ProfiledCodeHeapSize                     = 122912730                              {pd product} {ergonomic}
    uintx ReservedCodeCacheSize                    = 251658240                              {pd product} {ergonomic}
     bool SegmentedCodeCache                       = true                                      {product} {ergonomic}
   size_t SoftMaxHeapSize                          = 2124414976                             {manageable} {ergonomic}
     bool UseCompressedClassPointers               = true                                 {lp64_product} {ergonomic}
     bool UseCompressedOops                        = true                                 {lp64_product} {ergonomic}
     bool UseG1GC                                  = true                                      {product} {ergonomic}
     bool UseLargePagesIndividualAllocation        = false                                  {pd product} {ergonomic}

Logging:
Log output configuration:
 #0: stdout all=warning uptime,level,tags
 #1: stderr all=off uptime,level,tags

Environment Variables:
JAVA_HOME=C:/Program Files/Java/jdk-14.0.1
JRE_HOME=C:\Program Files\Java\jre1.8.0_221\bin
PATH=C:\Users\Andrew Guedes\bin;C:\Program Files\Git\mingw64\bin;C:\Program Files\Git\usr\local\bin;C:\Program Files\Git\usr\bin;C:\Program Files\Git\usr\bin;C:\Program Files\Git\mingw64\bin;C:\Program Files\Git\usr\bin;C:\Users\Andrew Guedes\bin;C:\Program Files (x86)\Common Files\Oracle\Java\javapath;C:\ProgramData\DockerDesktop\version-bin;C:\Program Files\Docker\Docker\Resources\bin;C:\app\oracledb\product\12.2.0\dbhome_1\bin;C:\Program Files\Microsoft MPI\Bin;C:\WINDOWS\system32;C:\WINDOWS;C:\WINDOWS\System32\Wbem;C:\WINDOWS\System32\WindowsPowerShell\v1.0;C:\Program Files\Git\cmd;C:\Program Files\dotnet;C:\Program Files\Microsoft SQL Server\130\Tools\Binn;C:\Program Files (x86)\Microsoft SQL Server\140\Tools\Binn;C:\Program Files\Microsoft SQL Server\140\Tools\Binn;C:\Program Files (x86)\Microsoft SQL Server\140\DTS\Binn;C:\Program Files\Microsoft SQL Server\140\DTS\Binn;C:\Program Files\Microsoft SQL Server\Client SDK\ODBC\130\Tools\Binn;C:\Program Files (x86)\Microsoft SQL Server\Client SDK\ODBC\130\Tools\Binn;C:\Program Files (x86)\Microsoft SQL Server\140\Tools\Binn\ManagementStudio;C:\WINDOWS\System32\OpenSSH;C:\Program Files\Microsoft VS Code\bin;C:\Program Files\nodejs;C:\Program Files (x86)\dotnet;C:\Program Files\Java\jdk-14.0.1\bin;C:\Users\Andrew Guedes\Documents\Software\apache-maven-3.6.3\bin;C:\Ruby25-x64\bin;C:\Users\Andrew Guedes\AppData\Local\Microsoft\WindowsApps;C:\Program Files\Microsoft VS Code\bin;C:\Users\Andrew Guedes\AppData\Local\Programs\Fiddler;C:\Users\Andrew Guedes\AppData\Local\Microsoft\WindowsApps;C:\Users\Andrew Guedes\AppData\Roaming\npm;C:\Users\Andrew Guedes\.dotnet\tools;C:\Program Files\Git\usr\bin\vendor_perl;C:\Program Files\Git\usr\bin\core_perl
USERNAME=Andrew Guedes
SHELL=C:\Program Files\Git\usr\bin\bash.exe
DISPLAY=needs-to-be-defined
OS=Windows_NT
PROCESSOR_IDENTIFIER=Intel64 Family 6 Model 69 Stepping 1, GenuineIntel



---------------  S Y S T E M  ---------------

OS: Windows 10 , 64 bit Build 17134 (10.0.17134.753)
OS uptime: 4 days 20:51 hours
HyperV virtualization detected

CPU:total 4 (initial active 4) (2 cores per cpu, 2 threads per core) family 6 model 69 stepping 1, cmov, cx8, fxsr, mmx, sse, sse2, sse3, ssse3, sse4.1, sse4.2, popcnt, avx, avx2, aes, clmul, erms, lzcnt, ht, tsc, tscinvbit, bmi1, bmi2, fma

Memory: 4k page, system-wide physical 8096M (2141M free)
TotalPageFile size 10123M (AvailPageFile size 100M)
current process WorkingSet (physical memory assigned to process): 10M, peak: 10M
current process commit charge ("private bytes"): 52M, peak: 180M

vm_info: OpenJDK 64-Bit Server VM (14.0.1+7) for windows-amd64 JRE (14.0.1+7), built on Mar  5 2020 10:30:04 by "mach5one" with MS VC++ 15.9 (VS2017)

END.
